make all --print-data-base --no-builtin-variables --no-builtin-rules --question
# GNU Make 3.81
# Copyright (C) 2006  Free Software Foundation, Inc.
# This is free software; see the source for copying conditions.
# There is NO warranty; not even for MERCHANTABILITY or FITNESS FOR A
# PARTICULAR PURPOSE.

# This program built for i386-apple-darwin11.3.0
 
make: *** No rule to make target `all'.  Stop.


# Make data base, printed on Sun Jun 19 11:04:30 2022

# Variables

# automatic
<D = $(patsubst %/,%,$(dir $<))
# automatic
?F = $(notdir $?)
# environment
GATEWAY_VM_OPTIONS = /Users/leizaakjy/Downloads/mac/macjihuo2022/ja-netfilter-all/vmoptions/gateway.vmoptions
# environment
VSCODE_LOG_NATIVE = false
# automatic
?D = $(patsubst %/,%,$(dir $?))
# environment
WEBSTORM_VM_OPTIONS = /Users/leizaakjy/Downloads/mac/macjihuo2022/ja-netfilter-all/vmoptions/webstorm.vmoptions
# automatic
@D = $(patsubst %/,%,$(dir $@))
# automatic
@F = $(notdir $@)
# makefile
CURDIR := /Users/leizaakjy/Desktop/Project/Relight/Rosa-Virtual-Machine
# makefile
SHELL = /bin/sh
# environment
APPCODE_VM_OPTIONS = /Users/leizaakjy/Downloads/mac/macjihuo2022/ja-netfilter-all/vmoptions/appcode.vmoptions
# environment
VSCODE_NLS_CONFIG = {"locale":"zh-tw","availableLanguages":{"*":"zh-tw"},"_languagePackId":"50a216cf84c622b1d20f706e15b82d72.zh-tw","_translationsConfigFile":"/Users/leizaakjy/Library/Application Support/Code/clp/50a216cf84c622b1d20f706e15b82d72.zh-tw/tcf.json","_cacheRoot":"/Users/leizaakjy/Library/Application Support/Code/clp/50a216cf84c622b1d20f706e15b82d72.zh-tw","_resolvedLanguagePackCoreLocation":"/Users/leizaakjy/Library/Application Support/Code/clp/50a216cf84c622b1d20f706e15b82d72.zh-tw/c3511e6c69bb39013c4a4b7b9566ec1ca73fc4d5","_corruptedFile":"/Users/leizaakjy/Library/Application Support/Code/clp/50a216cf84c622b1d20f706e15b82d72.zh-tw/corrupted.info","_languagePackSupport":true}
# environment
_ = /usr/bin/make
# makefile
MAKEFILE_LIST := 
# environment
VSCODE_VERBOSE_LOGGING = true
# environment
__CFBundleIdentifier = com.microsoft.VSCode
# environment
INFOPATH = /opt/homebrew/share/info:
# environment
WEBIDE_VM_OPTIONS = /Users/leizaakjy/Downloads/mac/macjihuo2022/ja-netfilter-all/vmoptions/webide.vmoptions
# environment
VSCODE_IPC_HOOK_EXTHOST = /var/folders/30/px7nw_6d1k1fdbzmtzkwgkx00000gn/T/vscode-ipc-8647a8ce-4d7f-4fed-931b-dc7c3f2fbf59.sock
# environment
VSCODE_CWD = /
# environment
PATH = /Users/leizaakjy/miniconda3/condabin:/opt/homebrew/bin:/opt/homebrew/sbin:/usr/local/bin:/usr/bin:/bin:/usr/sbin:/sbin:/Applications/VMware Fusion.app/Contents/Public:/usr/local/share/dotnet:~/.dotnet/tools:/Library/Apple/usr/bin:/Users/leizaakjy/Lizbing/bin/
# environment
PHPSTORM_VM_OPTIONS = /Users/leizaakjy/Downloads/mac/macjihuo2022/ja-netfilter-all/vmoptions/phpstorm.vmoptions
# environment
LSCOLORS = Gxfxcxdxbxegedabagacad
# environment
GOLAND_VM_OPTIONS = /Users/leizaakjy/Downloads/mac/macjihuo2022/ja-netfilter-all/vmoptions/goland.vmoptions
# environment
VSCODE_LOG_STACK = false
# environment
ELECTRON_RUN_AS_NODE = 1
# environment
JETBRAINSCLIENT_VM_OPTIONS = /Users/leizaakjy/Downloads/mac/macjihuo2022/ja-netfilter-all/vmoptions/jetbrainsclient.vmoptions
# default
.FEATURES := target-specific order-only second-expansion else-if archives jobserver check-symlink
# environment
IDEA_VM_OPTIONS = /Users/leizaakjy/Downloads/mac/macjihuo2022/ja-netfilter-all/vmoptions/idea.vmoptions
# environment
DATASPELL_VM_OPTIONS = /Users/leizaakjy/Downloads/mac/macjihuo2022/ja-netfilter-all/vmoptions/dataspell.vmoptions
# environment
SSH_AUTH_SOCK = /private/tmp/com.apple.launchd.FMueIAJX0B/Listeners
# automatic
%F = $(notdir $%)
# environment
CONDA_EXE = /Users/leizaakjy/miniconda3/bin/conda
# environment
VSCODE_PIPE_LOGGING = true
# environment
PWD = /Users/leizaakjy/Desktop/Project/Relight/Rosa-Virtual-Machine
# environment
HOMEBREW_CELLAR = /opt/homebrew/Cellar
# environment
JETBRAINS_CLIENT_VM_OPTIONS = /Users/leizaakjy/Downloads/mac/macjihuo2022/ja-netfilter-all/vmoptions/jetbrains_client.vmoptions
# environment
ORIGINAL_XDG_CURRENT_DESKTOP = undefined
# environment
MANPATH = /opt/homebrew/share/man::
# environment
VSCODE_AMD_ENTRYPOINT = vs/workbench/api/node/extensionHostProcess
# environment
HOME = /Users/leizaakjy
# environment
RIDER_VM_OPTIONS = /Users/leizaakjy/Downloads/mac/macjihuo2022/ja-netfilter-all/vmoptions/rider.vmoptions
# default
MAKEFILEPATH = $(shell /usr/bin/xcode-select -print-path 2>/dev/null || echo /Developer)/Makefiles
# environment
VSCODE_CODE_CACHE_PATH = /Users/leizaakjy/Library/Application Support/Code/CachedData/c3511e6c69bb39013c4a4b7b9566ec1ca73fc4d5
# environment
LOGNAME = leizaakjy
# environment
APPLICATION_INSIGHTS_NO_DIAGNOSTIC_CHANNEL = 1
# environment
ZSH = /Users/leizaakjy/.oh-my-zsh
# environment
VSCODE_HANDLES_UNCAUGHT_ERRORS = true
# automatic
^D = $(patsubst %/,%,$(dir $^))
# environment
XPC_FLAGS = 0x0
# default
MAKE = $(MAKE_COMMAND)
# default
MAKECMDGOALS := all
# environment
SHLVL = 1
# default
MAKE_VERSION := 3.81
# environment
USER = leizaakjy
# makefile
.DEFAULT_GOAL := 
# environment
LESS = -R
# automatic
%D = $(patsubst %/,%,$(dir $%))
# environment
CONDA_SHLVL = 0
# default
MAKE_COMMAND := /Library/Developer/CommandLineTools/usr/bin/make
# default
.VARIABLES := 
# environment
TMPDIR = /var/folders/30/px7nw_6d1k1fdbzmtzkwgkx00000gn/T/
# automatic
*F = $(notdir $*)
# environment
VSCODE_IPC_HOOK = /Users/leizaakjy/Library/Application Support/Code/1.67.2-main.sock
# makefile
MAKEFLAGS = Rrqp
# environment
MFLAGS = -Rrqp
# automatic
*D = $(patsubst %/,%,$(dir $*))
# environment
XPC_SERVICE_NAME = application.com.microsoft.VSCode.21791586.21791592
# environment
HOMEBREW_PREFIX = /opt/homebrew
# automatic
+D = $(patsubst %/,%,$(dir $+))
# environment
DATAGRIP_VM_OPTIONS = /Users/leizaakjy/Downloads/mac/macjihuo2022/ja-netfilter-all/vmoptions/datagrip.vmoptions
# automatic
+F = $(notdir $+)
# environment
HOMEBREW_REPOSITORY = /opt/homebrew
# environment
RUBYMINE_VM_OPTIONS = /Users/leizaakjy/Downloads/mac/macjihuo2022/ja-netfilter-all/vmoptions/rubymine.vmoptions
# environment
__CF_USER_TEXT_ENCODING = 0x1F5:0x2:0x35
# environment
PYCHARM_VM_OPTIONS = /Users/leizaakjy/Downloads/mac/macjihuo2022/ja-netfilter-all/vmoptions/pycharm.vmoptions
# environment
COMMAND_MODE = unix2003
# default
MAKEFILES := 
# automatic
<F = $(notdir $<)
# environment
PAGER = less
# environment
LC_ALL = C
# environment
CONDA_PYTHON_EXE = /Users/leizaakjy/miniconda3/bin/python
# automatic
^F = $(notdir $^)
# default
SUFFIXES := 
# environment
_CE_M = 
# default
.INCLUDE_DIRS = /usr/local/include
# environment
MAKELEVEL := 0
# environment
CLION_VM_OPTIONS = /Users/leizaakjy/Downloads/mac/macjihuo2022/ja-netfilter-all/vmoptions/clion.vmoptions
# environment
LANG = C
# environment
VSCODE_PID = 16381
# environment
_CE_CONDA = 
# variable set hash-table stats:
# Load=91/1024=9%, Rehash=0, Collisions=1/112=1%

# Pattern-specific Variable Values

# No pattern-specific variable values.

# Directories

 
# . (device 16777229, inode 22965716): 8 files, no impossibilities.

# 8 files, no impossibilities in 1 directories.

# Implicit Rules

# No implicit rules.

# Files

# Not a target:
all:
#  Command-line target.
#  Implicit rule search has been done.
#  File does not exist.
#  File has not been updated.
# variable set hash-table stats:
# Load=0/32=0%, Rehash=0, Collisions=0/0=0%

# Not a target:
.SUFFIXES:
#  Implicit rule search has not been done.
#  Modification time never checked.
#  File has not been updated.

# Not a target:
Makefile:
#  A default, MAKEFILES, or -include/sinclude makefile.
#  Implicit rule search has been done.
#  File does not exist.
#  File has been updated.
#  Failed to be updated.
# variable set hash-table stats:
# Load=0/32=0%, Rehash=0, Collisions=0/0=0%

# Not a target:
makefile:
#  A default, MAKEFILES, or -include/sinclude makefile.
#  Implicit rule search has been done.
#  File does not exist.
#  File has been updated.
#  Failed to be updated.
# variable set hash-table stats:
# Load=0/32=0%, Rehash=0, Collisions=0/0=0%

# Not a target:
.DEFAULT:
#  Implicit rule search has not been done.
#  Modification time never checked.
#  File has not been updated.

# Not a target:
GNUmakefile:
#  A default, MAKEFILES, or -include/sinclude makefile.
#  Implicit rule search has been done.
#  File does not exist.
#  File has been updated.
#  Failed to be updated.
# variable set hash-table stats:
# Load=0/32=0%, Rehash=0, Collisions=0/0=0%

# files hash-table stats:
# Load=6/1024=1%, Rehash=0, Collisions=0/17=0%
# VPATH Search Paths

# No `vpath' search paths.

# No general (`VPATH' variable) search path.

# # of strings in strcache: 0
# # of strcache buffers: 0
# strcache size: total = 0 / max = 0 / min = 4096 / avg = 0
# strcache free: total = 0 / max = 0 / min = 4096 / avg = 0

# Finished Make data base on Sun Jun 19 11:04:30 2022

 
